апр. 11, 2024 5:29:29 PM server.managers.Logger log
INFO: Подключенно: /127.0.0.1:3026
апр. 11, 2024 5:29:33 PM server.managers.Logger log
INFO: Отправлено: Все доступные команды:
remove_greater                      | <Без параметров> Удаляет элементы больше заданного
shuffle                             | <Без параметров> Перемешивает элементы в коллекции
remove_any_by_annual_turnover       | <long annualTurnover> Удаляет элемент по указанному годовому обороту
info                                | <без параметров> Вывести информацию о коллекции
clear                               | <Без параметров> Очистить коллекцию
save                                | Сохранить коллекцию (в тот же файл)
exit                                | <Без параметров> Завершает работу без сохранения файла
show                                | <int количество> Выводит коллекцию
remove_lower                        | <Без параметров> Удаляет элементы меньше заданного
filter_contains_name                | <String name> Выводит все элементы, имена которых содержат указанную подстроку
help                                | <Без параметров> Информация по всем командам
add                                 | <Без параметров> Добавить новую организацию в коллекцию
remove_by_id                        | <long id> Удаляет элемент коллеции по id
filter_less_than_annual_turnover    | <long annualTurnover> Выводит все элементы, оборот которых меньше указанного
update                              | <long id> Обновляет элемент коллекции по id

апр. 11, 2024 5:29:38 PM server.managers.Logger log
INFO: Отправлено: Тип коллекции: java.util.LinkedList
Хранит объекты типа: common.model.Organization
Количество элементов коллекции: 16
Последнее обновление коллекции: 2024-04-11
